[debug] [2017-11-10T00:30:57.722Z] ----------------------------------------------------------------------
[debug] [2017-11-10T00:30:57.728Z] Command:       /usr/local/bin/node /usr/local/bin/firebase deploy
[debug] [2017-11-10T00:30:57.729Z] CLI Version:   3.13.1
[debug] [2017-11-10T00:30:57.729Z] Platform:      darwin
[debug] [2017-11-10T00:30:57.729Z] Node Version:  v6.3.1
[debug] [2017-11-10T00:30:57.737Z] Time:          Fri Nov 10 2017 00:30:57 GMT+0000 (WET)
[debug] [2017-11-10T00:30:57.737Z] ----------------------------------------------------------------------
[debug] 
[debug] [2017-11-10T00:30:57.773Z] > command requires scopes: ["email","openid","https://www.googleapis.com/auth/cloudplatformprojects.readonly","https://www.googleapis.com/auth/firebase","https://www.googleapis.com/auth/cloud-platform"]
[debug] [2017-11-10T00:30:57.774Z] > authorizing via signed-in user
[debug] [2017-11-10T00:30:57.786Z] > refreshing access token with scopes: ["email","https://www.googleapis.com/auth/cloud-platform","https://www.googleapis.com/auth/cloudplatformprojects.readonly","https://www.googleapis.com/auth/firebase","openid"]
[debug] [2017-11-10T00:30:57.787Z] >>> HTTP REQUEST POST https://www.googleapis.com/oauth2/v3/token { refresh_token: '1/I1ugBR69RZqpYhHdOhAJ78xijCdigJqxC5OEiGC6CRM',
  client_id: '563584335869-fgrhgmd47bqnekij5i8b5pr03ho849e6.apps.googleusercontent.com',
  client_secret: 'j9iVZfS8kkCEFUPaAeJV0sAi',
  grant_type: 'refresh_token',
  scope: 'email https://www.googleapis.com/auth/cloud-platform https://www.googleapis.com/auth/cloudplatformprojects.readonly https://www.googleapis.com/auth/firebase openid' } 
 Fri Nov 10 2017 00:30:57 GMT+0000 (WET)
[debug] [2017-11-10T00:30:58.212Z] <<< HTTP RESPONSE 200
[debug] [2017-11-10T00:30:58.217Z] >>> HTTP REQUEST GET https://admin.firebase.com/v1/projects/devfest2017-a169d  
 Fri Nov 10 2017 00:30:58 GMT+0000 (WET)
[debug] [2017-11-10T00:30:59.056Z] <<< HTTP RESPONSE 200
[debug] [2017-11-10T00:30:59.058Z] >>> HTTP REQUEST GET https://admin.firebase.com/v1/database/devfest2017-a169d/tokens  
 Fri Nov 10 2017 00:30:59 GMT+0000 (WET)
[debug] [2017-11-10T00:30:59.702Z] <<< HTTP RESPONSE 200
[info] 2
[info] 
[info] === Deploying to 'devfest2017-a169d'...
[info] 
[info] i  deploying database, hosting
[info] i  database: checking rules syntax...
[debug] [2017-11-10T00:31:01.409Z] >>> HTTP REQUEST PUT https://devfest2017-a169d.firebaseio.com/.settings/rules.json?dryRun=true {
  "rules": {
    ".read": true,
    ".write": false,
    "ratings": {
      ".read": false,
      ".write": false,
      "$uid": {
        ".read": "auth.uid === $uid",
        ".write": "auth.uid === $uid"
      }
    },
    "userSessions": {
      ".read": false,
      ".write": false,
      "$uid": {
        ".read": "auth.uid === $uid",
        ".write": "auth.uid === $uid"
      }
    },
    "speakers": {
      ".read": true,
      ".write": "root.child('users').child(auth.uid).child('rules').child('speakers').val() === true"
    }
  }
}
 
 Fri Nov 10 2017 00:31:01 GMT+0000 (WET)
[debug] [2017-11-10T00:31:02.168Z] <<< HTTP RESPONSE 200
[info] ✔  database: rules syntax is valid
[info] i  hosting: preparing ./build directory for upload...
[debug] [2017-11-10T00:31:10.985Z] >>> HTTP REQUEST PUT https://deploy.firebase.com/v1/hosting/devfest2017-a169d/uploads/-KyYKZZA2MgtsFUkOPnJ?fileCount=168&message=  
 Fri Nov 10 2017 00:31:10 GMT+0000 (WET)
